<?xml version="1.0" encoding="UTF-8"?>
<!-- Generated by org.testng.reporters.JUnitXMLReporter -->
<testsuite ignored="0" hostname="DESKTOP-I4B1JCG" failures="0" tests="2" name="Default test" time="119.482" errors="0" timestamp="2022-12-17T23:46:02 IST">
  <testcase classname="com.db.TestLayerAssginment.AmzonFilkarttestclass" name="AmzonPriceCompare" time="19.34"/>
  <testcase classname="com.db.TestLayerAssginment.AmzonFilkarttestclass" name="Flipkartpricecompare" time="79.77"/>
</testsuite> <!-- Default test -->
