<?xml version="1.0" encoding="UTF-8"?>
<testng-results ignored="0" total="2" passed="2" failed="0" skipped="0">
  <reporter-output>
  </reporter-output>
  <suite started-at="2022-12-17T23:44:02 IST" name="Default suite" finished-at="2022-12-17T23:46:01 IST" duration-ms="119482">
    <groups>
    </groups>
    <test started-at="2022-12-17T23:44:02 IST" name="Default test" finished-at="2022-12-17T23:46:01 IST" duration-ms="119482">
      <class name="com.db.TestLayerAssginment.AmzonFilkarttestclass">
        <test-method is-config="true" signature="Setup()[pri:0, instance:com.db.TestLayerAssginment.AmzonFilkarttestclass@6aba2b86]" started-at="2022-12-17T23:44:02 IST" name="Setup" finished-at="2022-12-17T23:44:12 IST" duration-ms="10124" status="PASS">
          <reporter-output>
          </reporter-output>
        </test-method> <!-- Setup -->
        <test-method signature="AmzonPriceCompare()[pri:0, instance:com.db.TestLayerAssginment.AmzonFilkarttestclass@6aba2b86]" started-at="2022-12-17T23:44:12 IST" name="AmzonPriceCompare" finished-at="2022-12-17T23:44:31 IST" duration-ms="19340" status="PASS">
          <reporter-output>
          </reporter-output>
        </test-method> <!-- AmzonPriceCompare -->
        <test-method is-config="true" signature="teardown()[pri:0, instance:com.db.TestLayerAssginment.AmzonFilkarttestclass@6aba2b86]" started-at="2022-12-17T23:44:31 IST" name="teardown" finished-at="2022-12-17T23:44:32 IST" duration-ms="370" status="PASS">
          <reporter-output>
          </reporter-output>
        </test-method> <!-- teardown -->
        <test-method is-config="true" signature="Setup()[pri:0, instance:com.db.TestLayerAssginment.AmzonFilkarttestclass@6aba2b86]" started-at="2022-12-17T23:44:32 IST" name="Setup" finished-at="2022-12-17T23:44:39 IST" duration-ms="7412" status="PASS">
          <reporter-output>
          </reporter-output>
        </test-method> <!-- Setup -->
        <test-method signature="Flipkartpricecompare()[pri:0, instance:com.db.TestLayerAssginment.AmzonFilkarttestclass@6aba2b86]" started-at="2022-12-17T23:44:39 IST" name="Flipkartpricecompare" finished-at="2022-12-17T23:45:59 IST" duration-ms="79770" status="PASS">
          <reporter-output>
          </reporter-output>
        </test-method> <!-- Flipkartpricecompare -->
        <test-method is-config="true" signature="teardown()[pri:0, instance:com.db.TestLayerAssginment.AmzonFilkarttestclass@6aba2b86]" started-at="2022-12-17T23:45:59 IST" name="teardown" finished-at="2022-12-17T23:46:01 IST" duration-ms="2220" status="PASS">
          <reporter-output>
          </reporter-output>
        </test-method> <!-- teardown -->
      </class> <!-- com.db.TestLayerAssginment.AmzonFilkarttestclass -->
    </test> <!-- Default test -->
  </suite> <!-- Default suite -->
</testng-results>
